<?xml version="1.0" encoding="UTF-8"?><testsuite errors="1" failures="0" name="Search flights" skipped="0" tests="1" time="44.24" timestamp="2021-03-30 12:05:48"><testcase name="Search for the cheapest and one way flight  with departure Medellin and destination Bogota"><error message="element click intercepted: Element &lt;button data-v-48db7256=&quot;&quot; type=&quot;button&quot; id=&quot;5EIylga7&quot; class=&quot;button&quot; style=&quot;background-color: rgb(255, 255, 255); color: rgb(4, 16, 127); border: none; height: auto; padding: 6px 6px 6px 0px; font-size: 15px; text-shadow: none;&quot;&gt;...&lt;/button&gt; is not clickable at point (853, 526). Other element would receive the click: &lt;div class=&quot;v--modal-background-click&quot;&gt;...&lt;/div&gt;&#10;  (Session info: chrome=89.0.4389.90)&#10;Build info: version: '3.141.59', revision: 'e82be7d358', time: '2018-11-14T08:17:03'&#10;System info: host: 'CPX-YRLQ0S57OK8', ip: '192.168.0.26', os.name: 'Windows 10', os.arch: 'amd64', os.version: '10.0', java.version: '1.8.0_281'&#10;Driver info: org.openqa.selenium.chrome.ChromeDriver&#10;Capabilities {acceptInsecureCerts: false, browserName: chrome, browserVersion: 89.0.4389.90, chrome: {chromedriverVersion: 89.0.4389.23 (61b08ee2c5002..., userDataDir: C:\Users\MARCOA~1.URI\AppDa...}, goog:chromeOptions: {debuggerAddress: localhost:50532}, javascriptEnabled: true, networkConnectionEnabled: false, pageLoadStrategy: normal, platform: WINDOWS, platformName: WINDOWS, proxy: Proxy(), setWindowRect: true, strictFileInteractability: false, timeouts: {implicit: 0, pageLoad: 300000, script: 30000}, unhandledPromptBehavior: dismiss and notify, webauthn:extension:largeBlob: true, webauthn:virtualAuthenticators: true}&#10;Session ID: 1200ddf055b685bb117f77620bc1b0bf" type="org.openqa.selenium.ElementClickInterceptedException">element click intercepted: Element &lt;button data-v-48db7256="" type="button" id="5EIylga7" class="button" style="background-color: rgb(255, 255, 255); color: rgb(4, 16, 127); border: none; height: auto; padding: 6px 6px 6px 0px; font-size: 15px; text-shadow: none;"&gt;...&lt;/button&gt; is not clickable at point (853, 526). Other element would receive the click: &lt;div class="v--modal-background-click"&gt;...&lt;/div&gt;
  (Session info: chrome=89.0.4389.90)
Build info: version: '3.141.59', revision: 'e82be7d358', time: '2018-11-14T08:17:03'
System info: host: 'CPX-YRLQ0S57OK8', ip: '192.168.0.26', os.name: 'Windows 10', os.arch: 'amd64', os.version: '10.0', java.version: '1.8.0_281'
Driver info: org.openqa.selenium.chrome.ChromeDriver
Capabilities {acceptInsecureCerts: false, browserName: chrome, browserVersion: 89.0.4389.90, chrome: {chromedriverVersion: 89.0.4389.23 (61b08ee2c5002..., userDataDir: C:\Users\MARCOA~1.URI\AppDa...}, goog:chromeOptions: {debuggerAddress: localhost:50532}, javascriptEnabled: true, networkConnectionEnabled: false, pageLoadStrategy: normal, platform: WINDOWS, platformName: WINDOWS, proxy: Proxy(), setWindowRect: true, strictFileInteractability: false, timeouts: {implicit: 0, pageLoad: 300000, script: 30000}, unhandledPromptBehavior: dismiss and notify, webauthn:extension:largeBlob: true, webauthn:virtualAuthenticators: true}
Session ID: 1200ddf055b685bb117f77620bc1b0bf</error><system-err>element click intercepted: Element &lt;button data-v-48db7256="" type="button" id="5EIylga7" class="button" style="background-color: rgb(255, 255, 255); color: rgb(4, 16, 127); border: none; height: auto; padding: 6px 6px 6px 0px; font-size: 15px; text-shadow: none;"&gt;...&lt;/button&gt; is not clickable at point (853, 526). Other element would receive the click: &lt;div class="v--modal-background-click"&gt;...&lt;/div&gt;
  (Session info: chrome=89.0.4389.90)
Build info: version: '3.141.59', revision: 'e82be7d358', time: '2018-11-14T08:17:03'
System info: host: 'CPX-YRLQ0S57OK8', ip: '192.168.0.26', os.name: 'Windows 10', os.arch: 'amd64', os.version: '10.0', java.version: '1.8.0_281'
Driver info: org.openqa.selenium.chrome.ChromeDriver
Capabilities {acceptInsecureCerts: false, browserName: chrome, browserVersion: 89.0.4389.90, chrome: {chromedriverVersion: 89.0.4389.23 (61b08ee2c5002..., userDataDir: C:\Users\MARCOA~1.URI\AppDa...}, goog:chromeOptions: {debuggerAddress: localhost:50532}, javascriptEnabled: true, networkConnectionEnabled: false, pageLoadStrategy: normal, platform: WINDOWS, platformName: WINDOWS, proxy: Proxy(), setWindowRect: true, strictFileInteractability: false, timeouts: {implicit: 0, pageLoad: 300000, script: 30000}, unhandledPromptBehavior: dismiss and notify, webauthn:extension:largeBlob: true, webauthn:virtualAuthenticators: true}
Session ID: 1200ddf055b685bb117f77620bc1b0bf&#13;
com.vivaair.screenplay.tasks.PickTheExtras.performAs(PickTheExtras.java:16)&#13;
com.vivaair.screenplay.stepdefinitions.SearchFlightStepDefinitions.searchFlights(SearchFlightStepDefinitions.java:36)&#13;
cucumber.runner.Runner.runPickle(Runner.java:80)&#13;
</system-err></testcase></testsuite>